C:\Users\Santosh Kumar\source\repos\Jewelry-Store\Jewelry-Store\Client-App\jewelry-store\dist\out-tsc\e2e\src\app.po.js
C:\Users\Santosh Kumar\source\repos\Jewelry-Store\Jewelry-Store\Client-App\jewelry-store\dist\out-tsc\e2e\src\app.po.js.map
C:\Users\Santosh Kumar\source\repos\Jewelry-Store\Jewelry-Store\Client-App\jewelry-store\dist\out-tsc\e2e\src\app.e2e-spec.js
C:\Users\Santosh Kumar\source\repos\Jewelry-Store\Jewelry-Store\Client-App\jewelry-store\dist\out-tsc\e2e\src\app.e2e-spec.js.map
C:\Users\Santosh Kumar\source\repos\Jewelry-Store\Jewelry-Store\Client-App\jewelry-store\dist\out-tsc\src\app\auth\auth.guard.js
C:\Users\Santosh Kumar\source\repos\Jewelry-Store\Jewelry-Store\Client-App\jewelry-store\dist\out-tsc\src\app\auth\auth.guard.js.map
C:\Users\Santosh Kumar\source\repos\Jewelry-Store\Jewelry-Store\Client-App\jewelry-store\dist\out-tsc\src\environments\environment.js
C:\Users\Santosh Kumar\source\repos\Jewelry-Store\Jewelry-Store\Client-App\jewelry-store\dist\out-tsc\src\environments\environment.js.map
C:\Users\Santosh Kumar\source\repos\Jewelry-Store\Jewelry-Store\Client-App\jewelry-store\dist\out-tsc\src\app\services\user.service.js
C:\Users\Santosh Kumar\source\repos\Jewelry-Store\Jewelry-Store\Client-App\jewelry-store\dist\out-tsc\src\app\services\user.service.js.map
C:\Users\Santosh Kumar\source\repos\Jewelry-Store\Jewelry-Store\Client-App\jewelry-store\dist\out-tsc\src\app\popup\popup.component.js
C:\Users\Santosh Kumar\source\repos\Jewelry-Store\Jewelry-Store\Client-App\jewelry-store\dist\out-tsc\src\app\popup\popup.component.js.map
C:\Users\Santosh Kumar\source\repos\Jewelry-Store\Jewelry-Store\Client-App\jewelry-store\dist\out-tsc\src\app\estimation\estimation.component.js
C:\Users\Santosh Kumar\source\repos\Jewelry-Store\Jewelry-Store\Client-App\jewelry-store\dist\out-tsc\src\app\estimation\estimation.component.js.map
C:\Users\Santosh Kumar\source\repos\Jewelry-Store\Jewelry-Store\Client-App\jewelry-store\dist\out-tsc\src\app\models\user.model.js
C:\Users\Santosh Kumar\source\repos\Jewelry-Store\Jewelry-Store\Client-App\jewelry-store\dist\out-tsc\src\app\models\user.model.js.map
C:\Users\Santosh Kumar\source\repos\Jewelry-Store\Jewelry-Store\Client-App\jewelry-store\dist\out-tsc\src\app\login\login.component.js
C:\Users\Santosh Kumar\source\repos\Jewelry-Store\Jewelry-Store\Client-App\jewelry-store\dist\out-tsc\src\app\login\login.component.js.map
C:\Users\Santosh Kumar\source\repos\Jewelry-Store\Jewelry-Store\Client-App\jewelry-store\dist\out-tsc\src\app\app-routing.module.js
C:\Users\Santosh Kumar\source\repos\Jewelry-Store\Jewelry-Store\Client-App\jewelry-store\dist\out-tsc\src\app\app-routing.module.js.map
C:\Users\Santosh Kumar\source\repos\Jewelry-Store\Jewelry-Store\Client-App\jewelry-store\dist\out-tsc\src\app\app.component.js
C:\Users\Santosh Kumar\source\repos\Jewelry-Store\Jewelry-Store\Client-App\jewelry-store\dist\out-tsc\src\app\app.component.js.map
C:\Users\Santosh Kumar\source\repos\Jewelry-Store\Jewelry-Store\Client-App\jewelry-store\dist\out-tsc\src\app\auth\auth.interceptor.js
C:\Users\Santosh Kumar\source\repos\Jewelry-Store\Jewelry-Store\Client-App\jewelry-store\dist\out-tsc\src\app\auth\auth.interceptor.js.map
C:\Users\Santosh Kumar\source\repos\Jewelry-Store\Jewelry-Store\Client-App\jewelry-store\dist\out-tsc\src\app\app.module.js
C:\Users\Santosh Kumar\source\repos\Jewelry-Store\Jewelry-Store\Client-App\jewelry-store\dist\out-tsc\src\app\app.module.js.map
C:\Users\Santosh Kumar\source\repos\Jewelry-Store\Jewelry-Store\Client-App\jewelry-store\dist\out-tsc\src\main.js
C:\Users\Santosh Kumar\source\repos\Jewelry-Store\Jewelry-Store\Client-App\jewelry-store\dist\out-tsc\src\main.js.map
C:\Users\Santosh Kumar\source\repos\Jewelry-Store\Jewelry-Store\Client-App\jewelry-store\dist\out-tsc\src\polyfills.js
C:\Users\Santosh Kumar\source\repos\Jewelry-Store\Jewelry-Store\Client-App\jewelry-store\dist\out-tsc\src\polyfills.js.map
C:\Users\Santosh Kumar\source\repos\Jewelry-Store\Jewelry-Store\Client-App\jewelry-store\dist\out-tsc\src\test.js
C:\Users\Santosh Kumar\source\repos\Jewelry-Store\Jewelry-Store\Client-App\jewelry-store\dist\out-tsc\src\test.js.map
C:\Users\Santosh Kumar\source\repos\Jewelry-Store\Jewelry-Store\Client-App\jewelry-store\dist\out-tsc\src\app\app.component.spec.js
C:\Users\Santosh Kumar\source\repos\Jewelry-Store\Jewelry-Store\Client-App\jewelry-store\dist\out-tsc\src\app\app.component.spec.js.map
C:\Users\Santosh Kumar\source\repos\Jewelry-Store\Jewelry-Store\Client-App\jewelry-store\dist\out-tsc\src\app\estimation\estimation.component.spec.js
C:\Users\Santosh Kumar\source\repos\Jewelry-Store\Jewelry-Store\Client-App\jewelry-store\dist\out-tsc\src\app\estimation\estimation.component.spec.js.map
C:\Users\Santosh Kumar\source\repos\Jewelry-Store\Jewelry-Store\Client-App\jewelry-store\dist\out-tsc\src\app\login\login.component.spec.js
C:\Users\Santosh Kumar\source\repos\Jewelry-Store\Jewelry-Store\Client-App\jewelry-store\dist\out-tsc\src\app\login\login.component.spec.js.map
C:\Users\Santosh Kumar\source\repos\Jewelry-Store\Jewelry-Store\Client-App\jewelry-store\dist\out-tsc\src\app\models\estimation.model.js
C:\Users\Santosh Kumar\source\repos\Jewelry-Store\Jewelry-Store\Client-App\jewelry-store\dist\out-tsc\src\app\models\estimation.model.js.map
C:\Users\Santosh Kumar\source\repos\Jewelry-Store\Jewelry-Store\Client-App\jewelry-store\dist\out-tsc\src\app\popup\popup.component.spec.js
C:\Users\Santosh Kumar\source\repos\Jewelry-Store\Jewelry-Store\Client-App\jewelry-store\dist\out-tsc\src\app\popup\popup.component.spec.js.map
C:\Users\Santosh Kumar\source\repos\Jewelry-Store\Jewelry-Store\Client-App\jewelry-store\dist\out-tsc\src\environments\environment.prod.js
C:\Users\Santosh Kumar\source\repos\Jewelry-Store\Jewelry-Store\Client-App\jewelry-store\dist\out-tsc\src\environments\environment.prod.js.map
